2024-01-10 11:19:30 INFO  c.c.o.OnRoadVehicleBreakdownAssistanceApplication:55 - Starting OnRoadVehicleBreakdownAssistanceApplication using Java 17.0.7 on DESKTOP-O1OPJKU with PID 11136 (C:\Users\Lenovo\Documents\workspace-spring-tool-suite-4-4.19.0.RELEASE\OnRoadVehicleBreakdownAssistance\target\classes started by Lenovo in C:\Users\Lenovo\Documents\workspace-spring-tool-suite-4-4.19.0.RELEASE\OnRoadVehicleBreakdownAssistance)
2024-01-10 11:19:30 DEBUG c.c.o.OnRoadVehicleBreakdownAssistanceApplication:56 - Running with Spring Boot v2.4.1, Spring v5.3.2
2024-01-10 11:19:30 INFO  c.c.o.OnRoadVehicleBreakdownAssistanceApplication:660 - No active profile set, falling back to default profiles: default
2024-01-10 11:19:30 INFO  o.s.b.d.e.DevToolsPropertyDefaultsPostProcessor:255 - Devtools property defaults active! Set 'spring.devtools.add-properties' to 'false' to disable
2024-01-10 11:19:30 INFO  o.s.b.d.e.DevToolsPropertyDefaultsPostProcessor:255 - For additional web related logging consider setting the 'logging.level.web' property to 'DEBUG'
2024-01-10 11:19:32 INFO  o.s.d.r.c.RepositoryConfigurationDelegate:128 - Bootstrapping Spring Data JPA repositories in DEFAULT mode.
2024-01-10 11:19:32 INFO  o.s.d.r.c.RepositoryConfigurationDelegate:188 - Finished Spring Data repository scanning in 148 ms. Found 4 JPA repository interfaces.
2024-01-10 11:19:33 INFO  o.s.c.s.PostProcessorRegistrationDelegate$BeanPostProcessorChecker:350 - Bean 'org.springframework.hateoas.config.HateoasConfiguration' of type [org.springframework.hateoas.config.HateoasConfiguration] is not eligible for getting processed by all BeanPostProcessors (for example: not eligible for auto-proxying)
2024-01-10 11:19:33 INFO  o.s.c.s.PostProcessorRegistrationDelegate$BeanPostProcessorChecker:350 - Bean 'relProviderPluginRegistry' of type [org.springframework.plugin.core.support.PluginRegistryFactoryBean] is not eligible for getting processed by all BeanPostProcessors (for example: not eligible for auto-proxying)
2024-01-10 11:19:33 INFO  o.s.c.s.PostProcessorRegistrationDelegate$BeanPostProcessorChecker:350 - Bean 'relProviderPluginRegistry' of type [org.springframework.plugin.core.OrderAwarePluginRegistry] is not eligible for getting processed by all BeanPostProcessors (for example: not eligible for auto-proxying)
2024-01-10 11:19:33 INFO  o.s.c.s.PostProcessorRegistrationDelegate$BeanPostProcessorChecker:350 - Bean '_relProvider' of type [org.springframework.hateoas.server.core.DelegatingLinkRelationProvider] is not eligible for getting processed by all BeanPostProcessors (for example: not eligible for auto-proxying)
2024-01-10 11:19:33 INFO  o.s.c.s.PostProcessorRegistrationDelegate$BeanPostProcessorChecker:350 - Bean 'messageResolver' of type [org.springframework.hateoas.mediatype.MessageSourceResolver] is not eligible for getting processed by all BeanPostProcessors (for example: not eligible for auto-proxying)
2024-01-10 11:19:33 INFO  o.s.c.s.PostProcessorRegistrationDelegate$BeanPostProcessorChecker:350 - Bean 'org.springframework.data.web.config.SpringDataJacksonConfiguration' of type [org.springframework.data.web.config.SpringDataJacksonConfiguration] is not eligible for getting processed by all BeanPostProcessors (for example: not eligible for auto-proxying)
2024-01-10 11:19:33 INFO  o.s.c.s.PostProcessorRegistrationDelegate$BeanPostProcessorChecker:350 - Bean 'jacksonGeoModule' of type [org.springframework.data.geo.GeoModule] is not eligible for getting processed by all BeanPostProcessors (for example: not eligible for auto-proxying)
2024-01-10 11:19:33 INFO  o.s.c.s.PostProcessorRegistrationDelegate$BeanPostProcessorChecker:350 - Bean 'org.springframework.boot.autoconfigure.data.rest.RepositoryRestMvcAutoConfiguration' of type [org.springframework.boot.autoconfigure.data.rest.RepositoryRestMvcAutoConfiguration] is not eligible for getting processed by all BeanPostProcessors (for example: not eligible for auto-proxying)
2024-01-10 11:19:33 INFO  o.s.c.s.PostProcessorRegistrationDelegate$BeanPostProcessorChecker:350 - Bean 'org.springframework.boot.autoconfigure.jackson.JacksonAutoConfiguration$JacksonObjectMapperBuilderConfiguration' of type [org.springframework.boot.autoconfigure.jackson.JacksonAutoConfiguration$JacksonObjectMapperBuilderConfiguration] is not eligible for getting processed by all BeanPostProcessors (for example: not eligible for auto-proxying)
2024-01-10 11:19:33 INFO  o.s.c.s.PostProcessorRegistrationDelegate$BeanPostProcessorChecker:350 - Bean 'org.springframework.boot.autoconfigure.jackson.JacksonAutoConfiguration$Jackson2ObjectMapperBuilderCustomizerConfiguration' of type [org.springframework.boot.autoconfigure.jackson.JacksonAutoConfiguration$Jackson2ObjectMapperBuilderCustomizerConfiguration] is not eligible for getting processed by all BeanPostProcessors (for example: not eligible for auto-proxying)
2024-01-10 11:19:34 INFO  o.s.c.s.PostProcessorRegistrationDelegate$BeanPostProcessorChecker:350 - Bean 'spring.jackson-org.springframework.boot.autoconfigure.jackson.JacksonProperties' of type [org.springframework.boot.autoconfigure.jackson.JacksonProperties] is not eligible for getting processed by all BeanPostProcessors (for example: not eligible for auto-proxying)
2024-01-10 11:19:34 INFO  o.s.c.s.PostProcessorRegistrationDelegate$BeanPostProcessorChecker:350 - Bean 'standardJacksonObjectMapperBuilderCustomizer' of type [org.springframework.boot.autoconfigure.jackson.JacksonAutoConfiguration$Jackson2ObjectMapperBuilderCustomizerConfiguration$StandardJackson2ObjectMapperBuilderCustomizer] is not eligible for getting processed by all BeanPostProcessors (for example: not eligible for auto-proxying)
2024-01-10 11:19:34 INFO  o.s.c.s.PostProcessorRegistrationDelegate$BeanPostProcessorChecker:350 - Bean 'org.springframework.boot.autoconfigure.jackson.JacksonAutoConfiguration$ParameterNamesModuleConfiguration' of type [org.springframework.boot.autoconfigure.jackson.JacksonAutoConfiguration$ParameterNamesModuleConfiguration] is not eligible for getting processed by all BeanPostProcessors (for example: not eligible for auto-proxying)
2024-01-10 11:19:34 INFO  o.s.c.s.PostProcessorRegistrationDelegate$BeanPostProcessorChecker:350 - Bean 'parameterNamesModule' of type [com.fasterxml.jackson.module.paramnames.ParameterNamesModule] is not eligible for getting processed by all BeanPostProcessors (for example: not eligible for auto-proxying)
2024-01-10 11:19:34 INFO  o.s.c.s.PostProcessorRegistrationDelegate$BeanPostProcessorChecker:350 - Bean 'org.springframework.boot.autoconfigure.jackson.JacksonAutoConfiguration' of type [org.springframework.boot.autoconfigure.jackson.JacksonAutoConfiguration] is not eligible for getting processed by all BeanPostProcessors (for example: not eligible for auto-proxying)
2024-01-10 11:19:34 INFO  o.s.c.s.PostProcessorRegistrationDelegate$BeanPostProcessorChecker:350 - Bean 'jsonComponentModule' of type [org.springframework.boot.jackson.JsonComponentModule] is not eligible for getting processed by all BeanPostProcessors (for example: not eligible for auto-proxying)
2024-01-10 11:19:34 INFO  o.s.c.s.PostProcessorRegistrationDelegate$BeanPostProcessorChecker:350 - Bean 'jacksonObjectMapperBuilder' of type [org.springframework.http.converter.json.Jackson2ObjectMapperBuilder] is not eligible for getting processed by all BeanPostProcessors (for example: not eligible for auto-proxying)
2024-01-10 11:19:34 INFO  o.s.c.s.PostProcessorRegistrationDelegate$BeanPostProcessorChecker:350 - Bean 'spring.data.rest-org.springframework.boot.autoconfigure.data.rest.RepositoryRestProperties' of type [org.springframework.boot.autoconfigure.data.rest.RepositoryRestProperties] is not eligible for getting processed by all BeanPostProcessors (for example: not eligible for auto-proxying)
2024-01-10 11:19:34 INFO  o.s.c.s.PostProcessorRegistrationDelegate$BeanPostProcessorChecker:350 - Bean 'springBootRepositoryRestConfigurer' of type [org.springframework.boot.autoconfigure.data.rest.SpringBootRepositoryRestConfigurer] is not eligible for getting processed by all BeanPostProcessors (for example: not eligible for auto-proxying)
2024-01-10 11:19:34 INFO  o.s.c.s.PostProcessorRegistrationDelegate$BeanPostProcessorChecker:350 - Bean 'configurerDelegate' of type [org.springframework.data.rest.webmvc.config.RepositoryRestConfigurerDelegate] is not eligible for getting processed by all BeanPostProcessors (for example: not eligible for auto-proxying)
2024-01-10 11:19:34 INFO  o.s.c.s.PostProcessorRegistrationDelegate$BeanPostProcessorChecker:350 - Bean 'org.springframework.boot.autoconfigure.http.HttpMessageConvertersAutoConfiguration$StringHttpMessageConverterConfiguration' of type [org.springframework.boot.autoconfigure.http.HttpMessageConvertersAutoConfiguration$StringHttpMessageConverterConfiguration] is not eligible for getting processed by all BeanPostProcessors (for example: not eligible for auto-proxying)
2024-01-10 11:19:34 INFO  o.s.c.s.PostProcessorRegistrationDelegate$BeanPostProcessorChecker:350 - Bean 'stringHttpMessageConverter' of type [org.springframework.http.converter.StringHttpMessageConverter] is not eligible for getting processed by all BeanPostProcessors (for example: not eligible for auto-proxying)
2024-01-10 11:19:34 INFO  o.s.c.s.PostProcessorRegistrationDelegate$BeanPostProcessorChecker:350 - Bean 'org.springframework.boot.autoconfigure.http.JacksonHttpMessageConvertersConfiguration$MappingJackson2HttpMessageConverterConfiguration' of type [org.springframework.boot.autoconfigure.http.JacksonHttpMessageConvertersConfiguration$MappingJackson2HttpMessageConverterConfiguration] is not eligible for getting processed by all BeanPostProcessors (for example: not eligible for auto-proxying)
2024-01-10 11:19:34 INFO  o.s.c.s.PostProcessorRegistrationDelegate$BeanPostProcessorChecker:350 - Bean 'org.springframework.boot.autoconfigure.jackson.JacksonAutoConfiguration$JacksonObjectMapperConfiguration' of type [org.springframework.boot.autoconfigure.jackson.JacksonAutoConfiguration$JacksonObjectMapperConfiguration] is not eligible for getting processed by all BeanPostProcessors (for example: not eligible for auto-proxying)
2024-01-10 11:19:34 INFO  o.s.c.s.PostProcessorRegistrationDelegate$BeanPostProcessorChecker:350 - Bean 'jacksonObjectMapperBuilder' of type [org.springframework.http.converter.json.Jackson2ObjectMapperBuilder] is not eligible for getting processed by all BeanPostProcessors (for example: not eligible for auto-proxying)
2024-01-10 11:19:34 INFO  o.s.c.s.PostProcessorRegistrationDelegate$BeanPostProcessorChecker:350 - Bean 'jacksonObjectMapper' of type [com.fasterxml.jackson.databind.ObjectMapper] is not eligible for getting processed by all BeanPostProcessors (for example: not eligible for auto-proxying)
2024-01-10 11:19:34 INFO  o.s.c.s.PostProcessorRegistrationDelegate$BeanPostProcessorChecker:350 - Bean 'mappingJackson2HttpMessageConverter' of type [org.springframework.http.converter.json.MappingJackson2HttpMessageConverter] is not eligible for getting processed by all BeanPostProcessors (for example: not eligible for auto-proxying)
2024-01-10 11:19:34 INFO  o.s.c.s.PostProcessorRegistrationDelegate$BeanPostProcessorChecker:350 - Bean 'org.springframework.data.rest.webmvc.config.RepositoryRestMvcConfiguration' of type [org.springframework.data.rest.webmvc.config.RepositoryRestMvcConfiguration] is not eligible for getting processed by all BeanPostProcessors (for example: not eligible for auto-proxying)
2024-01-10 11:19:34 INFO  o.s.b.w.e.t.TomcatWebServer:108 - Tomcat initialized with port(s): 8081 (http)
2024-01-10 11:19:34 INFO  o.a.c.c.StandardService:173 - Starting service [Tomcat]
2024-01-10 11:19:34 INFO  o.a.c.c.StandardEngine:173 - Starting Servlet engine: [Apache Tomcat/9.0.41]
2024-01-10 11:19:35 INFO  o.a.c.c.C.[.[.[/]:173 - Initializing Spring embedded WebApplicationContext
2024-01-10 11:19:35 INFO  o.s.b.w.s.c.ServletWebServerApplicationContext:289 - Root WebApplicationContext: initialization completed in 4472 ms
2024-01-10 11:19:35 WARN  o.s.b.w.s.c.AnnotationConfigServletWebServerApplicationContext:596 - Exception encountered during context initialization - cancelling refresh attempt: org.springframework.beans.factory.UnsatisfiedDependencyException: Error creating bean with name 'inMemoryDatabaseShutdownExecutor' defined in class path resource [org/springframework/boot/devtools/autoconfigure/DevToolsDataSourceAutoConfiguration.class]: Unsatisfied dependency expressed through method 'inMemoryDatabaseShutdownExecutor' parameter 0; nested exception is org.springframework.beans.factory.BeanCreationException: Error creating bean with name 'dataSource' defined in class path resource [org/springframework/boot/autoconfigure/jdbc/DataSourceConfiguration$Hikari.class]: Bean instantiation via factory method failed; nested exception is org.springframework.beans.BeanInstantiationException: Failed to instantiate [com.zaxxer.hikari.HikariDataSource]: Factory method 'dataSource' threw exception; nested exception is java.lang.IllegalStateException: Cannot load driver class: com.mysql.cj.jdbc.driver
2024-01-10 11:19:35 INFO  o.a.c.c.StandardService:173 - Stopping service [Tomcat]
2024-01-10 11:19:35 INFO  o.s.b.a.l.ConditionEvaluationReportLoggingListener:136 - 

Error starting ApplicationContext. To display the conditions report re-run your application with 'debug' enabled.
2024-01-10 11:19:35 ERROR o.s.b.SpringApplication:856 - Application run failed
org.springframework.beans.factory.UnsatisfiedDependencyException: Error creating bean with name 'inMemoryDatabaseShutdownExecutor' defined in class path resource [org/springframework/boot/devtools/autoconfigure/DevToolsDataSourceAutoConfiguration.class]: Unsatisfied dependency expressed through method 'inMemoryDatabaseShutdownExecutor' parameter 0; nested exception is org.springframework.beans.factory.BeanCreationException: Error creating bean with name 'dataSource' defined in class path resource [org/springframework/boot/autoconfigure/jdbc/DataSourceConfiguration$Hikari.class]: Bean instantiation via factory method failed; nested exception is org.springframework.beans.BeanInstantiationException: Failed to instantiate [com.zaxxer.hikari.HikariDataSource]: Factory method 'dataSource' threw exception; nested exception is java.lang.IllegalStateException: Cannot load driver class: com.mysql.cj.jdbc.driver
	at org.springframework.beans.factory.support.ConstructorResolver.createArgumentArray(ConstructorResolver.java:800)
	at org.springframework.beans.factory.support.ConstructorResolver.instantiateUsingFactoryMethod(ConstructorResolver.java:541)
	at org.springframework.beans.factory.support.AbstractAutowireCapableBeanFactory.instantiateUsingFactoryMethod(AbstractAutowireCapableBeanFactory.java:1336)
	at org.springframework.beans.factory.support.AbstractAutowireCapableBeanFactory.createBeanInstance(AbstractAutowireCapableBeanFactory.java:1179)
	at org.springframework.beans.factory.support.AbstractAutowireCapableBeanFactory.doCreateBean(AbstractAutowireCapableBeanFactory.java:571)
	at org.springframework.beans.factory.support.AbstractAutowireCapableBeanFactory.createBean(AbstractAutowireCapableBeanFactory.java:531)
	at org.springframework.beans.factory.support.AbstractBeanFactory.lambda$doGetBean$0(AbstractBeanFactory.java:335)
	at org.springframework.beans.factory.support.DefaultSingletonBeanRegistry.getSingleton(DefaultSingletonBeanRegistry.java:234)
	at org.springframework.beans.factory.support.AbstractBeanFactory.doGetBean(AbstractBeanFactory.java:333)
	at org.springframework.beans.factory.support.AbstractBeanFactory.getBean(AbstractBeanFactory.java:208)
	at org.springframework.beans.factory.support.AbstractBeanFactory.doGetBean(AbstractBeanFactory.java:322)
	at org.springframework.beans.factory.support.AbstractBeanFactory.getBean(AbstractBeanFactory.java:208)
	at org.springframework.context.support.AbstractApplicationContext.getBean(AbstractApplicationContext.java:1159)
	at org.springframework.context.support.AbstractApplicationContext.finishBeanFactoryInitialization(AbstractApplicationContext.java:913)
	at org.springframework.context.support.AbstractApplicationContext.refresh(AbstractApplicationContext.java:588)
	at org.springframework.boot.web.servlet.context.ServletWebServerApplicationContext.refresh(ServletWebServerApplicationContext.java:144)
	at org.springframework.boot.SpringApplication.refresh(SpringApplication.java:767)
	at org.springframework.boot.SpringApplication.refresh(SpringApplication.java:759)
	at org.springframework.boot.SpringApplication.refreshContext(SpringApplication.java:426)
	at org.springframework.boot.SpringApplication.run(SpringApplication.java:326)
	at org.springframework.boot.SpringApplication.run(SpringApplication.java:1309)
	at org.springframework.boot.SpringApplication.run(SpringApplication.java:1298)
	at com.cg.ora.OnRoadVehicleBreakdownAssistanceApplication.main(OnRoadVehicleBreakdownAssistanceApplication.java:10)
	at java.base/jdk.internal.reflect.NativeMethodAccessorImpl.invoke0(Native Method)
	at java.base/jdk.internal.reflect.NativeMethodAccessorImpl.invoke(NativeMethodAccessorImpl.java:77)
	at java.base/jdk.internal.reflect.DelegatingMethodAccessorImpl.invoke(DelegatingMethodAccessorImpl.java:43)
	at java.base/java.lang.reflect.Method.invoke(Method.java:568)
	at org.springframework.boot.devtools.restart.RestartLauncher.run(RestartLauncher.java:49)
Caused by: org.springframework.beans.factory.BeanCreationException: Error creating bean with name 'dataSource' defined in class path resource [org/springframework/boot/autoconfigure/jdbc/DataSourceConfiguration$Hikari.class]: Bean instantiation via factory method failed; nested exception is org.springframework.beans.BeanInstantiationException: Failed to instantiate [com.zaxxer.hikari.HikariDataSource]: Factory method 'dataSource' threw exception; nested exception is java.lang.IllegalStateException: Cannot load driver class: com.mysql.cj.jdbc.driver
	at org.springframework.beans.factory.support.ConstructorResolver.instantiate(ConstructorResolver.java:658)
	at org.springframework.beans.factory.support.ConstructorResolver.instantiateUsingFactoryMethod(ConstructorResolver.java:638)
	at org.springframework.beans.factory.support.AbstractAutowireCapableBeanFactory.instantiateUsingFactoryMethod(AbstractAutowireCapableBeanFactory.java:1336)
	at org.springframework.beans.factory.support.AbstractAutowireCapableBeanFactory.createBeanInstance(AbstractAutowireCapableBeanFactory.java:1179)
	at org.springframework.beans.factory.support.AbstractAutowireCapableBeanFactory.doCreateBean(AbstractAutowireCapableBeanFactory.java:571)
	at org.springframework.beans.factory.support.AbstractAutowireCapableBeanFactory.createBean(AbstractAutowireCapableBeanFactory.java:531)
	at org.springframework.beans.factory.support.AbstractBeanFactory.lambda$doGetBean$0(AbstractBeanFactory.java:335)
	at org.springframework.beans.factory.support.DefaultSingletonBeanRegistry.getSingleton(DefaultSingletonBeanRegistry.java:234)
	at org.springframework.beans.factory.support.AbstractBeanFactory.doGetBean(AbstractBeanFactory.java:333)
	at org.springframework.beans.factory.support.AbstractBeanFactory.getBean(AbstractBeanFactory.java:208)
	at org.springframework.beans.factory.config.DependencyDescriptor.resolveCandidate(DependencyDescriptor.java:276)
	at org.springframework.beans.factory.support.DefaultListableBeanFactory.doResolveDependency(DefaultListableBeanFactory.java:1367)
	at org.springframework.beans.factory.support.DefaultListableBeanFactory.resolveDependency(DefaultListableBeanFactory.java:1287)
	at org.springframework.beans.factory.support.ConstructorResolver.resolveAutowiredArgument(ConstructorResolver.java:887)
	at org.springframework.beans.factory.support.ConstructorResolver.createArgumentArray(ConstructorResolver.java:791)
	... 27 common frames omitted
Caused by: org.springframework.beans.BeanInstantiationException: Failed to instantiate [com.zaxxer.hikari.HikariDataSource]: Factory method 'dataSource' threw exception; nested exception is java.lang.IllegalStateException: Cannot load driver class: com.mysql.cj.jdbc.driver
	at org.springframework.beans.factory.support.SimpleInstantiationStrategy.instantiate(SimpleInstantiationStrategy.java:185)
	at org.springframework.beans.factory.support.ConstructorResolver.instantiate(ConstructorResolver.java:653)
	... 41 common frames omitted
Caused by: java.lang.IllegalStateException: Cannot load driver class: com.mysql.cj.jdbc.driver
	at org.springframework.util.Assert.state(Assert.java:97)
	at org.springframework.boot.autoconfigure.jdbc.DataSourceProperties.determineDriverClassName(DataSourceProperties.java:224)
	at org.springframework.boot.autoconfigure.jdbc.DataSourceProperties.initializeDataSourceBuilder(DataSourceProperties.java:176)
	at org.springframework.boot.autoconfigure.jdbc.DataSourceConfiguration.createDataSource(DataSourceConfiguration.java:48)
	at org.springframework.boot.autoconfigure.jdbc.DataSourceConfiguration$Hikari.dataSource(DataSourceConfiguration.java:90)
	at java.base/jdk.internal.reflect.NativeMethodAccessorImpl.invoke0(Native Method)
	at java.base/jdk.internal.reflect.NativeMethodAccessorImpl.invoke(NativeMethodAccessorImpl.java:77)
	at java.base/jdk.internal.reflect.DelegatingMethodAccessorImpl.invoke(DelegatingMethodAccessorImpl.java:43)
	at java.base/java.lang.reflect.Method.invoke(Method.java:568)
	at org.springframework.beans.factory.support.SimpleInstantiationStrategy.instantiate(SimpleInstantiationStrategy.java:154)
	... 42 common frames omitted
2024-01-10 11:30:12 INFO  c.c.o.OnRoadVehicleBreakdownAssistanceApplication:55 - Starting OnRoadVehicleBreakdownAssistanceApplication using Java 17.0.7 on DESKTOP-O1OPJKU with PID 1660 (C:\Users\Lenovo\Documents\workspace-spring-tool-suite-4-4.19.0.RELEASE\OnRoadVehicleBreakdownAssistance\target\classes started by Lenovo in C:\Users\Lenovo\Documents\workspace-spring-tool-suite-4-4.19.0.RELEASE\OnRoadVehicleBreakdownAssistance)
2024-01-10 11:30:12 DEBUG c.c.o.OnRoadVehicleBreakdownAssistanceApplication:56 - Running with Spring Boot v2.4.1, Spring v5.3.2
2024-01-10 11:30:12 INFO  c.c.o.OnRoadVehicleBreakdownAssistanceApplication:660 - No active profile set, falling back to default profiles: default
2024-01-10 11:30:13 INFO  o.s.d.r.c.RepositoryConfigurationDelegate:128 - Bootstrapping Spring Data JPA repositories in DEFAULT mode.
2024-01-10 11:30:13 INFO  o.s.d.r.c.RepositoryConfigurationDelegate:188 - Finished Spring Data repository scanning in 141 ms. Found 4 JPA repository interfaces.
2024-01-10 11:30:14 INFO  o.s.c.s.PostProcessorRegistrationDelegate$BeanPostProcessorChecker:350 - Bean 'org.springframework.hateoas.config.HateoasConfiguration' of type [org.springframework.hateoas.config.HateoasConfiguration] is not eligible for getting processed by all BeanPostProcessors (for example: not eligible for auto-proxying)
2024-01-10 11:30:14 INFO  o.s.c.s.PostProcessorRegistrationDelegate$BeanPostProcessorChecker:350 - Bean 'relProviderPluginRegistry' of type [org.springframework.plugin.core.support.PluginRegistryFactoryBean] is not eligible for getting processed by all BeanPostProcessors (for example: not eligible for auto-proxying)
2024-01-10 11:30:14 INFO  o.s.c.s.PostProcessorRegistrationDelegate$BeanPostProcessorChecker:350 - Bean 'relProviderPluginRegistry' of type [org.springframework.plugin.core.OrderAwarePluginRegistry] is not eligible for getting processed by all BeanPostProcessors (for example: not eligible for auto-proxying)
2024-01-10 11:30:14 INFO  o.s.c.s.PostProcessorRegistrationDelegate$BeanPostProcessorChecker:350 - Bean '_relProvider' of type [org.springframework.hateoas.server.core.DelegatingLinkRelationProvider] is not eligible for getting processed by all BeanPostProcessors (for example: not eligible for auto-proxying)
2024-01-10 11:30:14 INFO  o.s.c.s.PostProcessorRegistrationDelegate$BeanPostProcessorChecker:350 - Bean 'messageResolver' of type [org.springframework.hateoas.mediatype.MessageSourceResolver] is not eligible for getting processed by all BeanPostProcessors (for example: not eligible for auto-proxying)
2024-01-10 11:30:14 INFO  o.s.c.s.PostProcessorRegistrationDelegate$BeanPostProcessorChecker:350 - Bean 'org.springframework.data.web.config.SpringDataJacksonConfiguration' of type [org.springframework.data.web.config.SpringDataJacksonConfiguration] is not eligible for getting processed by all BeanPostProcessors (for example: not eligible for auto-proxying)
2024-01-10 11:30:14 INFO  o.s.c.s.PostProcessorRegistrationDelegate$BeanPostProcessorChecker:350 - Bean 'jacksonGeoModule' of type [org.springframework.data.geo.GeoModule] is not eligible for getting processed by all BeanPostProcessors (for example: not eligible for auto-proxying)
2024-01-10 11:30:14 INFO  o.s.c.s.PostProcessorRegistrationDelegate$BeanPostProcessorChecker:350 - Bean 'org.springframework.boot.autoconfigure.data.rest.RepositoryRestMvcAutoConfiguration' of type [org.springframework.boot.autoconfigure.data.rest.RepositoryRestMvcAutoConfiguration] is not eligible for getting processed by all BeanPostProcessors (for example: not eligible for auto-proxying)
2024-01-10 11:30:15 INFO  o.s.c.s.PostProcessorRegistrationDelegate$BeanPostProcessorChecker:350 - Bean 'org.springframework.boot.autoconfigure.jackson.JacksonAutoConfiguration$JacksonObjectMapperBuilderConfiguration' of type [org.springframework.boot.autoconfigure.jackson.JacksonAutoConfiguration$JacksonObjectMapperBuilderConfiguration] is not eligible for getting processed by all BeanPostProcessors (for example: not eligible for auto-proxying)
2024-01-10 11:30:15 INFO  o.s.c.s.PostProcessorRegistrationDelegate$BeanPostProcessorChecker:350 - Bean 'org.springframework.boot.autoconfigure.jackson.JacksonAutoConfiguration$Jackson2ObjectMapperBuilderCustomizerConfiguration' of type [org.springframework.boot.autoconfigure.jackson.JacksonAutoConfiguration$Jackson2ObjectMapperBuilderCustomizerConfiguration] is not eligible for getting processed by all BeanPostProcessors (for example: not eligible for auto-proxying)
2024-01-10 11:30:15 INFO  o.s.c.s.PostProcessorRegistrationDelegate$BeanPostProcessorChecker:350 - Bean 'spring.jackson-org.springframework.boot.autoconfigure.jackson.JacksonProperties' of type [org.springframework.boot.autoconfigure.jackson.JacksonProperties] is not eligible for getting processed by all BeanPostProcessors (for example: not eligible for auto-proxying)
2024-01-10 11:30:15 INFO  o.s.c.s.PostProcessorRegistrationDelegate$BeanPostProcessorChecker:350 - Bean 'standardJacksonObjectMapperBuilderCustomizer' of type [org.springframework.boot.autoconfigure.jackson.JacksonAutoConfiguration$Jackson2ObjectMapperBuilderCustomizerConfiguration$StandardJackson2ObjectMapperBuilderCustomizer] is not eligible for getting processed by all BeanPostProcessors (for example: not eligible for auto-proxying)
2024-01-10 11:30:15 INFO  o.s.c.s.PostProcessorRegistrationDelegate$BeanPostProcessorChecker:350 - Bean 'org.springframework.boot.autoconfigure.jackson.JacksonAutoConfiguration$ParameterNamesModuleConfiguration' of type [org.springframework.boot.autoconfigure.jackson.JacksonAutoConfiguration$ParameterNamesModuleConfiguration] is not eligible for getting processed by all BeanPostProcessors (for example: not eligible for auto-proxying)
2024-01-10 11:30:15 INFO  o.s.c.s.PostProcessorRegistrationDelegate$BeanPostProcessorChecker:350 - Bean 'parameterNamesModule' of type [com.fasterxml.jackson.module.paramnames.ParameterNamesModule] is not eligible for getting processed by all BeanPostProcessors (for example: not eligible for auto-proxying)
2024-01-10 11:30:15 INFO  o.s.c.s.PostProcessorRegistrationDelegate$BeanPostProcessorChecker:350 - Bean 'org.springframework.boot.autoconfigure.jackson.JacksonAutoConfiguration' of type [org.springframework.boot.autoconfigure.jackson.JacksonAutoConfiguration] is not eligible for getting processed by all BeanPostProcessors (for example: not eligible for auto-proxying)
2024-01-10 11:30:15 INFO  o.s.c.s.PostProcessorRegistrationDelegate$BeanPostProcessorChecker:350 - Bean 'jsonComponentModule' of type [org.springframework.boot.jackson.JsonComponentModule] is not eligible for getting processed by all BeanPostProcessors (for example: not eligible for auto-proxying)
2024-01-10 11:30:15 INFO  o.s.c.s.PostProcessorRegistrationDelegate$BeanPostProcessorChecker:350 - Bean 'jacksonObjectMapperBuilder' of type [org.springframework.http.converter.json.Jackson2ObjectMapperBuilder] is not eligible for getting processed by all BeanPostProcessors (for example: not eligible for auto-proxying)
2024-01-10 11:30:15 INFO  o.s.c.s.PostProcessorRegistrationDelegate$BeanPostProcessorChecker:350 - Bean 'spring.data.rest-org.springframework.boot.autoconfigure.data.rest.RepositoryRestProperties' of type [org.springframework.boot.autoconfigure.data.rest.RepositoryRestProperties] is not eligible for getting processed by all BeanPostProcessors (for example: not eligible for auto-proxying)
2024-01-10 11:30:15 INFO  o.s.c.s.PostProcessorRegistrationDelegate$BeanPostProcessorChecker:350 - Bean 'springBootRepositoryRestConfigurer' of type [org.springframework.boot.autoconfigure.data.rest.SpringBootRepositoryRestConfigurer] is not eligible for getting processed by all BeanPostProcessors (for example: not eligible for auto-proxying)
2024-01-10 11:30:15 INFO  o.s.c.s.PostProcessorRegistrationDelegate$BeanPostProcessorChecker:350 - Bean 'configurerDelegate' of type [org.springframework.data.rest.webmvc.config.RepositoryRestConfigurerDelegate] is not eligible for getting processed by all BeanPostProcessors (for example: not eligible for auto-proxying)
2024-01-10 11:30:15 INFO  o.s.c.s.PostProcessorRegistrationDelegate$BeanPostProcessorChecker:350 - Bean 'org.springframework.boot.autoconfigure.http.HttpMessageConvertersAutoConfiguration$StringHttpMessageConverterConfiguration' of type [org.springframework.boot.autoconfigure.http.HttpMessageConvertersAutoConfiguration$StringHttpMessageConverterConfiguration] is not eligible for getting processed by all BeanPostProcessors (for example: not eligible for auto-proxying)
2024-01-10 11:30:15 INFO  o.s.c.s.PostProcessorRegistrationDelegate$BeanPostProcessorChecker:350 - Bean 'stringHttpMessageConverter' of type [org.springframework.http.converter.StringHttpMessageConverter] is not eligible for getting processed by all BeanPostProcessors (for example: not eligible for auto-proxying)
2024-01-10 11:30:15 INFO  o.s.c.s.PostProcessorRegistrationDelegate$BeanPostProcessorChecker:350 - Bean 'org.springframework.boot.autoconfigure.http.JacksonHttpMessageConvertersConfiguration$MappingJackson2HttpMessageConverterConfiguration' of type [org.springframework.boot.autoconfigure.http.JacksonHttpMessageConvertersConfiguration$MappingJackson2HttpMessageConverterConfiguration] is not eligible for getting processed by all BeanPostProcessors (for example: not eligible for auto-proxying)
2024-01-10 11:30:15 INFO  o.s.c.s.PostProcessorRegistrationDelegate$BeanPostProcessorChecker:350 - Bean 'org.springframework.boot.autoconfigure.jackson.JacksonAutoConfiguration$JacksonObjectMapperConfiguration' of type [org.springframework.boot.autoconfigure.jackson.JacksonAutoConfiguration$JacksonObjectMapperConfiguration] is not eligible for getting processed by all BeanPostProcessors (for example: not eligible for auto-proxying)
2024-01-10 11:30:15 INFO  o.s.c.s.PostProcessorRegistrationDelegate$BeanPostProcessorChecker:350 - Bean 'jacksonObjectMapperBuilder' of type [org.springframework.http.converter.json.Jackson2ObjectMapperBuilder] is not eligible for getting processed by all BeanPostProcessors (for example: not eligible for auto-proxying)
2024-01-10 11:30:15 INFO  o.s.c.s.PostProcessorRegistrationDelegate$BeanPostProcessorChecker:350 - Bean 'jacksonObjectMapper' of type [com.fasterxml.jackson.databind.ObjectMapper] is not eligible for getting processed by all BeanPostProcessors (for example: not eligible for auto-proxying)
2024-01-10 11:30:15 INFO  o.s.c.s.PostProcessorRegistrationDelegate$BeanPostProcessorChecker:350 - Bean 'mappingJackson2HttpMessageConverter' of type [org.springframework.http.converter.json.MappingJackson2HttpMessageConverter] is not eligible for getting processed by all BeanPostProcessors (for example: not eligible for auto-proxying)
2024-01-10 11:30:15 INFO  o.s.c.s.PostProcessorRegistrationDelegate$BeanPostProcessorChecker:350 - Bean 'org.springframework.data.rest.webmvc.config.RepositoryRestMvcConfiguration' of type [org.springframework.data.rest.webmvc.config.RepositoryRestMvcConfiguration] is not eligible for getting processed by all BeanPostProcessors (for example: not eligible for auto-proxying)
2024-01-10 11:30:15 INFO  o.s.b.w.e.t.TomcatWebServer:108 - Tomcat initialized with port(s): 8081 (http)
2024-01-10 11:30:16 INFO  o.a.c.c.StandardService:173 - Starting service [Tomcat]
2024-01-10 11:30:16 INFO  o.a.c.c.StandardEngine:173 - Starting Servlet engine: [Apache Tomcat/9.0.41]
2024-01-10 11:30:16 INFO  o.a.c.c.C.[.[.[/]:173 - Initializing Spring embedded WebApplicationContext
2024-01-10 11:30:16 INFO  o.s.b.w.s.c.ServletWebServerApplicationContext:289 - Root WebApplicationContext: initialization completed in 4057 ms
2024-01-10 11:30:16 WARN  o.s.b.w.s.c.AnnotationConfigServletWebServerApplicationContext:596 - Exception encountered during context initialization - cancelling refresh attempt: org.springframework.beans.factory.UnsatisfiedDependencyException: Error creating bean with name 'org.springframework.boot.autoconfigure.orm.jpa.HibernateJpaConfiguration': Unsatisfied dependency expressed through constructor parameter 0; nested exception is org.springframework.beans.factory.BeanCreationException: Error creating bean with name 'dataSource' defined in class path resource [org/springframework/boot/autoconfigure/jdbc/DataSourceConfiguration$Hikari.class]: Bean instantiation via factory method failed; nested exception is org.springframework.beans.BeanInstantiationException: Failed to instantiate [com.zaxxer.hikari.HikariDataSource]: Factory method 'dataSource' threw exception; nested exception is java.lang.IllegalStateException: Cannot load driver class: com.mysql.cj.jdbc.driver
2024-01-10 11:30:16 INFO  o.a.c.c.StandardService:173 - Stopping service [Tomcat]
2024-01-10 11:30:16 INFO  o.s.b.a.l.ConditionEvaluationReportLoggingListener:136 - 

Error starting ApplicationContext. To display the conditions report re-run your application with 'debug' enabled.
2024-01-10 11:30:16 ERROR o.s.b.SpringApplication:856 - Application run failed
org.springframework.beans.factory.UnsatisfiedDependencyException: Error creating bean with name 'org.springframework.boot.autoconfigure.orm.jpa.HibernateJpaConfiguration': Unsatisfied dependency expressed through constructor parameter 0; nested exception is org.springframework.beans.factory.BeanCreationException: Error creating bean with name 'dataSource' defined in class path resource [org/springframework/boot/autoconfigure/jdbc/DataSourceConfiguration$Hikari.class]: Bean instantiation via factory method failed; nested exception is org.springframework.beans.BeanInstantiationException: Failed to instantiate [com.zaxxer.hikari.HikariDataSource]: Factory method 'dataSource' threw exception; nested exception is java.lang.IllegalStateException: Cannot load driver class: com.mysql.cj.jdbc.driver
	at org.springframework.beans.factory.support.ConstructorResolver.createArgumentArray(ConstructorResolver.java:800)
	at org.springframework.beans.factory.support.ConstructorResolver.autowireConstructor(ConstructorResolver.java:229)
	at org.springframework.beans.factory.support.AbstractAutowireCapableBeanFactory.autowireConstructor(AbstractAutowireCapableBeanFactory.java:1356)
	at org.springframework.beans.factory.support.AbstractAutowireCapableBeanFactory.createBeanInstance(AbstractAutowireCapableBeanFactory.java:1206)
	at org.springframework.beans.factory.support.AbstractAutowireCapableBeanFactory.doCreateBean(AbstractAutowireCapableBeanFactory.java:571)
	at org.springframework.beans.factory.support.AbstractAutowireCapableBeanFactory.createBean(AbstractAutowireCapableBeanFactory.java:531)
	at org.springframework.beans.factory.support.AbstractBeanFactory.lambda$doGetBean$0(AbstractBeanFactory.java:335)
	at org.springframework.beans.factory.support.DefaultSingletonBeanRegistry.getSingleton(DefaultSingletonBeanRegistry.java:234)
	at org.springframework.beans.factory.support.AbstractBeanFactory.doGetBean(AbstractBeanFactory.java:333)
	at org.springframework.beans.factory.support.AbstractBeanFactory.getBean(AbstractBeanFactory.java:208)
	at org.springframework.beans.factory.support.ConstructorResolver.instantiateUsingFactoryMethod(ConstructorResolver.java:410)
	at org.springframework.beans.factory.support.AbstractAutowireCapableBeanFactory.instantiateUsingFactoryMethod(AbstractAutowireCapableBeanFactory.java:1336)
	at org.springframework.beans.factory.support.AbstractAutowireCapableBeanFactory.createBeanInstance(AbstractAutowireCapableBeanFactory.java:1179)
	at org.springframework.beans.factory.support.AbstractAutowireCapableBeanFactory.doCreateBean(AbstractAutowireCapableBeanFactory.java:571)
	at org.springframework.beans.factory.support.AbstractAutowireCapableBeanFactory.createBean(AbstractAutowireCapableBeanFactory.java:531)
	at org.springframework.beans.factory.support.AbstractBeanFactory.lambda$doGetBean$0(AbstractBeanFactory.java:335)
	at org.springframework.beans.factory.support.DefaultSingletonBeanRegistry.getSingleton(DefaultSingletonBeanRegistry.java:234)
	at org.springframework.beans.factory.support.AbstractBeanFactory.doGetBean(AbstractBeanFactory.java:333)
	at org.springframework.beans.factory.support.AbstractBeanFactory.getBean(AbstractBeanFactory.java:208)
	at org.springframework.context.support.AbstractApplicationContext.getBean(AbstractApplicationContext.java:1159)
	at org.springframework.context.support.AbstractApplicationContext.finishBeanFactoryInitialization(AbstractApplicationContext.java:913)
	at org.springframework.context.support.AbstractApplicationContext.refresh(AbstractApplicationContext.java:588)
	at org.springframework.boot.web.servlet.context.ServletWebServerApplicationContext.refresh(ServletWebServerApplicationContext.java:144)
	at org.springframework.boot.SpringApplication.refresh(SpringApplication.java:767)
	at org.springframework.boot.SpringApplication.refresh(SpringApplication.java:759)
	at org.springframework.boot.SpringApplication.refreshContext(SpringApplication.java:426)
	at org.springframework.boot.SpringApplication.run(SpringApplication.java:326)
	at org.springframework.boot.SpringApplication.run(SpringApplication.java:1309)
	at org.springframework.boot.SpringApplication.run(SpringApplication.java:1298)
	at com.cg.ora.OnRoadVehicleBreakdownAssistanceApplication.main(OnRoadVehicleBreakdownAssistanceApplication.java:10)
Caused by: org.springframework.beans.factory.BeanCreationException: Error creating bean with name 'dataSource' defined in class path resource [org/springframework/boot/autoconfigure/jdbc/DataSourceConfiguration$Hikari.class]: Bean instantiation via factory method failed; nested exception is org.springframework.beans.BeanInstantiationException: Failed to instantiate [com.zaxxer.hikari.HikariDataSource]: Factory method 'dataSource' threw exception; nested exception is java.lang.IllegalStateException: Cannot load driver class: com.mysql.cj.jdbc.driver
	at org.springframework.beans.factory.support.ConstructorResolver.instantiate(ConstructorResolver.java:658)
	at org.springframework.beans.factory.support.ConstructorResolver.instantiateUsingFactoryMethod(ConstructorResolver.java:638)
	at org.springframework.beans.factory.support.AbstractAutowireCapableBeanFactory.instantiateUsingFactoryMethod(AbstractAutowireCapableBeanFactory.java:1336)
	at org.springframework.beans.factory.support.AbstractAutowireCapableBeanFactory.createBeanInstance(AbstractAutowireCapableBeanFactory.java:1179)
	at org.springframework.beans.factory.support.AbstractAutowireCapableBeanFactory.doCreateBean(AbstractAutowireCapableBeanFactory.java:571)
	at org.springframework.beans.factory.support.AbstractAutowireCapableBeanFactory.createBean(AbstractAutowireCapableBeanFactory.java:531)
	at org.springframework.beans.factory.support.AbstractBeanFactory.lambda$doGetBean$0(AbstractBeanFactory.java:335)
	at org.springframework.beans.factory.support.DefaultSingletonBeanRegistry.getSingleton(DefaultSingletonBeanRegistry.java:234)
	at org.springframework.beans.factory.support.AbstractBeanFactory.doGetBean(AbstractBeanFactory.java:333)
	at org.springframework.beans.factory.support.AbstractBeanFactory.getBean(AbstractBeanFactory.java:208)
	at org.springframework.beans.factory.config.DependencyDescriptor.resolveCandidate(DependencyDescriptor.java:276)
	at org.springframework.beans.factory.support.DefaultListableBeanFactory.doResolveDependency(DefaultListableBeanFactory.java:1367)
	at org.springframework.beans.factory.support.DefaultListableBeanFactory.resolveDependency(DefaultListableBeanFactory.java:1287)
	at org.springframework.beans.factory.support.ConstructorResolver.resolveAutowiredArgument(ConstructorResolver.java:887)
	at org.springframework.beans.factory.support.ConstructorResolver.createArgumentArray(ConstructorResolver.java:791)
	... 29 common frames omitted
Caused by: org.springframework.beans.BeanInstantiationException: Failed to instantiate [com.zaxxer.hikari.HikariDataSource]: Factory method 'dataSource' threw exception; nested exception is java.lang.IllegalStateException: Cannot load driver class: com.mysql.cj.jdbc.driver
	at org.springframework.beans.factory.support.SimpleInstantiationStrategy.instantiate(SimpleInstantiationStrategy.java:185)
	at org.springframework.beans.factory.support.ConstructorResolver.instantiate(ConstructorResolver.java:653)
	... 43 common frames omitted
Caused by: java.lang.IllegalStateException: Cannot load driver class: com.mysql.cj.jdbc.driver
	at org.springframework.util.Assert.state(Assert.java:97)
	at org.springframework.boot.autoconfigure.jdbc.DataSourceProperties.determineDriverClassName(DataSourceProperties.java:224)
	at org.springframework.boot.autoconfigure.jdbc.DataSourceProperties.initializeDataSourceBuilder(DataSourceProperties.java:176)
	at org.springframework.boot.autoconfigure.jdbc.DataSourceConfiguration.createDataSource(DataSourceConfiguration.java:48)
	at org.springframework.boot.autoconfigure.jdbc.DataSourceConfiguration$Hikari.dataSource(DataSourceConfiguration.java:90)
	at java.base/jdk.internal.reflect.NativeMethodAccessorImpl.invoke0(Native Method)
	at java.base/jdk.internal.reflect.NativeMethodAccessorImpl.invoke(NativeMethodAccessorImpl.java:77)
	at java.base/jdk.internal.reflect.DelegatingMethodAccessorImpl.invoke(DelegatingMethodAccessorImpl.java:43)
	at java.base/java.lang.reflect.Method.invoke(Method.java:568)
	at org.springframework.beans.factory.support.SimpleInstantiationStrategy.instantiate(SimpleInstantiationStrategy.java:154)
	... 44 common frames omitted
2024-01-10 11:40:02 INFO  c.c.o.OnRoadVehicleBreakdownAssistanceApplication:55 - Starting OnRoadVehicleBreakdownAssistanceApplication using Java 17.0.7 on DESKTOP-O1OPJKU with PID 5072 (C:\Users\Lenovo\Documents\workspace-spring-tool-suite-4-4.19.0.RELEASE\OnRoadVehicleBreakdownAssistance\target\classes started by Lenovo in C:\Users\Lenovo\Documents\workspace-spring-tool-suite-4-4.19.0.RELEASE\OnRoadVehicleBreakdownAssistance)
2024-01-10 11:40:02 DEBUG c.c.o.OnRoadVehicleBreakdownAssistanceApplication:56 - Running with Spring Boot v2.4.1, Spring v5.3.2
2024-01-10 11:40:02 INFO  c.c.o.OnRoadVehicleBreakdownAssistanceApplication:660 - No active profile set, falling back to default profiles: default
2024-01-10 11:40:04 INFO  o.s.d.r.c.RepositoryConfigurationDelegate:128 - Bootstrapping Spring Data JPA repositories in DEFAULT mode.
2024-01-10 11:40:04 INFO  o.s.d.r.c.RepositoryConfigurationDelegate:188 - Finished Spring Data repository scanning in 152 ms. Found 4 JPA repository interfaces.
2024-01-10 11:40:05 INFO  o.s.c.s.PostProcessorRegistrationDelegate$BeanPostProcessorChecker:350 - Bean 'org.springframework.hateoas.config.HateoasConfiguration' of type [org.springframework.hateoas.config.HateoasConfiguration] is not eligible for getting processed by all BeanPostProcessors (for example: not eligible for auto-proxying)
2024-01-10 11:40:05 INFO  o.s.c.s.PostProcessorRegistrationDelegate$BeanPostProcessorChecker:350 - Bean 'relProviderPluginRegistry' of type [org.springframework.plugin.core.support.PluginRegistryFactoryBean] is not eligible for getting processed by all BeanPostProcessors (for example: not eligible for auto-proxying)
2024-01-10 11:40:05 INFO  o.s.c.s.PostProcessorRegistrationDelegate$BeanPostProcessorChecker:350 - Bean 'relProviderPluginRegistry' of type [org.springframework.plugin.core.OrderAwarePluginRegistry] is not eligible for getting processed by all BeanPostProcessors (for example: not eligible for auto-proxying)
2024-01-10 11:40:05 INFO  o.s.c.s.PostProcessorRegistrationDelegate$BeanPostProcessorChecker:350 - Bean '_relProvider' of type [org.springframework.hateoas.server.core.DelegatingLinkRelationProvider] is not eligible for getting processed by all BeanPostProcessors (for example: not eligible for auto-proxying)
2024-01-10 11:40:05 INFO  o.s.c.s.PostProcessorRegistrationDelegate$BeanPostProcessorChecker:350 - Bean 'messageResolver' of type [org.springframework.hateoas.mediatype.MessageSourceResolver] is not eligible for getting processed by all BeanPostProcessors (for example: not eligible for auto-proxying)
2024-01-10 11:40:05 INFO  o.s.c.s.PostProcessorRegistrationDelegate$BeanPostProcessorChecker:350 - Bean 'org.springframework.data.web.config.SpringDataJacksonConfiguration' of type [org.springframework.data.web.config.SpringDataJacksonConfiguration] is not eligible for getting processed by all BeanPostProcessors (for example: not eligible for auto-proxying)
2024-01-10 11:40:05 INFO  o.s.c.s.PostProcessorRegistrationDelegate$BeanPostProcessorChecker:350 - Bean 'jacksonGeoModule' of type [org.springframework.data.geo.GeoModule] is not eligible for getting processed by all BeanPostProcessors (for example: not eligible for auto-proxying)
2024-01-10 11:40:05 INFO  o.s.c.s.PostProcessorRegistrationDelegate$BeanPostProcessorChecker:350 - Bean 'org.springframework.boot.autoconfigure.data.rest.RepositoryRestMvcAutoConfiguration' of type [org.springframework.boot.autoconfigure.data.rest.RepositoryRestMvcAutoConfiguration] is not eligible for getting processed by all BeanPostProcessors (for example: not eligible for auto-proxying)
2024-01-10 11:40:05 INFO  o.s.c.s.PostProcessorRegistrationDelegate$BeanPostProcessorChecker:350 - Bean 'org.springframework.boot.autoconfigure.jackson.JacksonAutoConfiguration$JacksonObjectMapperBuilderConfiguration' of type [org.springframework.boot.autoconfigure.jackson.JacksonAutoConfiguration$JacksonObjectMapperBuilderConfiguration] is not eligible for getting processed by all BeanPostProcessors (for example: not eligible for auto-proxying)
2024-01-10 11:40:05 INFO  o.s.c.s.PostProcessorRegistrationDelegate$BeanPostProcessorChecker:350 - Bean 'org.springframework.boot.autoconfigure.jackson.JacksonAutoConfiguration$Jackson2ObjectMapperBuilderCustomizerConfiguration' of type [org.springframework.boot.autoconfigure.jackson.JacksonAutoConfiguration$Jackson2ObjectMapperBuilderCustomizerConfiguration] is not eligible for getting processed by all BeanPostProcessors (for example: not eligible for auto-proxying)
2024-01-10 11:40:05 INFO  o.s.c.s.PostProcessorRegistrationDelegate$BeanPostProcessorChecker:350 - Bean 'spring.jackson-org.springframework.boot.autoconfigure.jackson.JacksonProperties' of type [org.springframework.boot.autoconfigure.jackson.JacksonProperties] is not eligible for getting processed by all BeanPostProcessors (for example: not eligible for auto-proxying)
2024-01-10 11:40:05 INFO  o.s.c.s.PostProcessorRegistrationDelegate$BeanPostProcessorChecker:350 - Bean 'standardJacksonObjectMapperBuilderCustomizer' of type [org.springframework.boot.autoconfigure.jackson.JacksonAutoConfiguration$Jackson2ObjectMapperBuilderCustomizerConfiguration$StandardJackson2ObjectMapperBuilderCustomizer] is not eligible for getting processed by all BeanPostProcessors (for example: not eligible for auto-proxying)
2024-01-10 11:40:05 INFO  o.s.c.s.PostProcessorRegistrationDelegate$BeanPostProcessorChecker:350 - Bean 'org.springframework.boot.autoconfigure.jackson.JacksonAutoConfiguration$ParameterNamesModuleConfiguration' of type [org.springframework.boot.autoconfigure.jackson.JacksonAutoConfiguration$ParameterNamesModuleConfiguration] is not eligible for getting processed by all BeanPostProcessors (for example: not eligible for auto-proxying)
2024-01-10 11:40:05 INFO  o.s.c.s.PostProcessorRegistrationDelegate$BeanPostProcessorChecker:350 - Bean 'parameterNamesModule' of type [com.fasterxml.jackson.module.paramnames.ParameterNamesModule] is not eligible for getting processed by all BeanPostProcessors (for example: not eligible for auto-proxying)
2024-01-10 11:40:05 INFO  o.s.c.s.PostProcessorRegistrationDelegate$BeanPostProcessorChecker:350 - Bean 'org.springframework.boot.autoconfigure.jackson.JacksonAutoConfiguration' of type [org.springframework.boot.autoconfigure.jackson.JacksonAutoConfiguration] is not eligible for getting processed by all BeanPostProcessors (for example: not eligible for auto-proxying)
2024-01-10 11:40:05 INFO  o.s.c.s.PostProcessorRegistrationDelegate$BeanPostProcessorChecker:350 - Bean 'jsonComponentModule' of type [org.springframework.boot.jackson.JsonComponentModule] is not eligible for getting processed by all BeanPostProcessors (for example: not eligible for auto-proxying)
2024-01-10 11:40:05 INFO  o.s.c.s.PostProcessorRegistrationDelegate$BeanPostProcessorChecker:350 - Bean 'jacksonObjectMapperBuilder' of type [org.springframework.http.converter.json.Jackson2ObjectMapperBuilder] is not eligible for getting processed by all BeanPostProcessors (for example: not eligible for auto-proxying)
2024-01-10 11:40:05 INFO  o.s.c.s.PostProcessorRegistrationDelegate$BeanPostProcessorChecker:350 - Bean 'spring.data.rest-org.springframework.boot.autoconfigure.data.rest.RepositoryRestProperties' of type [org.springframework.boot.autoconfigure.data.rest.RepositoryRestProperties] is not eligible for getting processed by all BeanPostProcessors (for example: not eligible for auto-proxying)
2024-01-10 11:40:05 INFO  o.s.c.s.PostProcessorRegistrationDelegate$BeanPostProcessorChecker:350 - Bean 'springBootRepositoryRestConfigurer' of type [org.springframework.boot.autoconfigure.data.rest.SpringBootRepositoryRestConfigurer] is not eligible for getting processed by all BeanPostProcessors (for example: not eligible for auto-proxying)
2024-01-10 11:40:05 INFO  o.s.c.s.PostProcessorRegistrationDelegate$BeanPostProcessorChecker:350 - Bean 'configurerDelegate' of type [org.springframework.data.rest.webmvc.config.RepositoryRestConfigurerDelegate] is not eligible for getting processed by all BeanPostProcessors (for example: not eligible for auto-proxying)
2024-01-10 11:40:05 INFO  o.s.c.s.PostProcessorRegistrationDelegate$BeanPostProcessorChecker:350 - Bean 'org.springframework.boot.autoconfigure.http.HttpMessageConvertersAutoConfiguration$StringHttpMessageConverterConfiguration' of type [org.springframework.boot.autoconfigure.http.HttpMessageConvertersAutoConfiguration$StringHttpMessageConverterConfiguration] is not eligible for getting processed by all BeanPostProcessors (for example: not eligible for auto-proxying)
2024-01-10 11:40:05 INFO  o.s.c.s.PostProcessorRegistrationDelegate$BeanPostProcessorChecker:350 - Bean 'stringHttpMessageConverter' of type [org.springframework.http.converter.StringHttpMessageConverter] is not eligible for getting processed by all BeanPostProcessors (for example: not eligible for auto-proxying)
2024-01-10 11:40:05 INFO  o.s.c.s.PostProcessorRegistrationDelegate$BeanPostProcessorChecker:350 - Bean 'org.springframework.boot.autoconfigure.http.JacksonHttpMessageConvertersConfiguration$MappingJackson2HttpMessageConverterConfiguration' of type [org.springframework.boot.autoconfigure.http.JacksonHttpMessageConvertersConfiguration$MappingJackson2HttpMessageConverterConfiguration] is not eligible for getting processed by all BeanPostProcessors (for example: not eligible for auto-proxying)
2024-01-10 11:40:05 INFO  o.s.c.s.PostProcessorRegistrationDelegate$BeanPostProcessorChecker:350 - Bean 'org.springframework.boot.autoconfigure.jackson.JacksonAutoConfiguration$JacksonObjectMapperConfiguration' of type [org.springframework.boot.autoconfigure.jackson.JacksonAutoConfiguration$JacksonObjectMapperConfiguration] is not eligible for getting processed by all BeanPostProcessors (for example: not eligible for auto-proxying)
2024-01-10 11:40:05 INFO  o.s.c.s.PostProcessorRegistrationDelegate$BeanPostProcessorChecker:350 - Bean 'jacksonObjectMapperBuilder' of type [org.springframework.http.converter.json.Jackson2ObjectMapperBuilder] is not eligible for getting processed by all BeanPostProcessors (for example: not eligible for auto-proxying)
2024-01-10 11:40:05 INFO  o.s.c.s.PostProcessorRegistrationDelegate$BeanPostProcessorChecker:350 - Bean 'jacksonObjectMapper' of type [com.fasterxml.jackson.databind.ObjectMapper] is not eligible for getting processed by all BeanPostProcessors (for example: not eligible for auto-proxying)
2024-01-10 11:40:05 INFO  o.s.c.s.PostProcessorRegistrationDelegate$BeanPostProcessorChecker:350 - Bean 'mappingJackson2HttpMessageConverter' of type [org.springframework.http.converter.json.MappingJackson2HttpMessageConverter] is not eligible for getting processed by all BeanPostProcessors (for example: not eligible for auto-proxying)
2024-01-10 11:40:05 INFO  o.s.c.s.PostProcessorRegistrationDelegate$BeanPostProcessorChecker:350 - Bean 'org.springframework.data.rest.webmvc.config.RepositoryRestMvcConfiguration' of type [org.springframework.data.rest.webmvc.config.RepositoryRestMvcConfiguration] is not eligible for getting processed by all BeanPostProcessors (for example: not eligible for auto-proxying)
2024-01-10 11:40:06 INFO  o.s.b.w.e.t.TomcatWebServer:108 - Tomcat initialized with port(s): 8081 (http)
2024-01-10 11:40:06 INFO  o.a.c.c.StandardService:173 - Starting service [Tomcat]
2024-01-10 11:40:06 INFO  o.a.c.c.StandardEngine:173 - Starting Servlet engine: [Apache Tomcat/9.0.41]
2024-01-10 11:40:06 INFO  o.a.c.c.C.[.[.[/]:173 - Initializing Spring embedded WebApplicationContext
2024-01-10 11:40:06 INFO  o.s.b.w.s.c.ServletWebServerApplicationContext:289 - Root WebApplicationContext: initialization completed in 3861 ms
2024-01-10 11:40:06 WARN  o.s.b.w.s.c.AnnotationConfigServletWebServerApplicationContext:596 - Exception encountered during context initialization - cancelling refresh attempt: org.springframework.beans.factory.UnsatisfiedDependencyException: Error creating bean with name 'org.springframework.boot.autoconfigure.orm.jpa.HibernateJpaConfiguration': Unsatisfied dependency expressed through constructor parameter 0; nested exception is org.springframework.beans.factory.BeanCreationException: Error creating bean with name 'dataSource' defined in class path resource [org/springframework/boot/autoconfigure/jdbc/DataSourceConfiguration$Hikari.class]: Bean instantiation via factory method failed; nested exception is org.springframework.beans.BeanInstantiationException: Failed to instantiate [com.zaxxer.hikari.HikariDataSource]: Factory method 'dataSource' threw exception; nested exception is java.lang.IllegalStateException: Cannot load driver class: com.mysql.cj.jdbc.driver
2024-01-10 11:40:06 INFO  o.a.c.c.StandardService:173 - Stopping service [Tomcat]
2024-01-10 11:40:06 INFO  o.s.b.a.l.ConditionEvaluationReportLoggingListener:136 - 

Error starting ApplicationContext. To display the conditions report re-run your application with 'debug' enabled.
2024-01-10 11:40:06 ERROR o.s.b.SpringApplication:856 - Application run failed
org.springframework.beans.factory.UnsatisfiedDependencyException: Error creating bean with name 'org.springframework.boot.autoconfigure.orm.jpa.HibernateJpaConfiguration': Unsatisfied dependency expressed through constructor parameter 0; nested exception is org.springframework.beans.factory.BeanCreationException: Error creating bean with name 'dataSource' defined in class path resource [org/springframework/boot/autoconfigure/jdbc/DataSourceConfiguration$Hikari.class]: Bean instantiation via factory method failed; nested exception is org.springframework.beans.BeanInstantiationException: Failed to instantiate [com.zaxxer.hikari.HikariDataSource]: Factory method 'dataSource' threw exception; nested exception is java.lang.IllegalStateException: Cannot load driver class: com.mysql.cj.jdbc.driver
	at org.springframework.beans.factory.support.ConstructorResolver.createArgumentArray(ConstructorResolver.java:800)
	at org.springframework.beans.factory.support.ConstructorResolver.autowireConstructor(ConstructorResolver.java:229)
	at org.springframework.beans.factory.support.AbstractAutowireCapableBeanFactory.autowireConstructor(AbstractAutowireCapableBeanFactory.java:1356)
	at org.springframework.beans.factory.support.AbstractAutowireCapableBeanFactory.createBeanInstance(AbstractAutowireCapableBeanFactory.java:1206)
	at org.springframework.beans.factory.support.AbstractAutowireCapableBeanFactory.doCreateBean(AbstractAutowireCapableBeanFactory.java:571)
	at org.springframework.beans.factory.support.AbstractAutowireCapableBeanFactory.createBean(AbstractAutowireCapableBeanFactory.java:531)
	at org.springframework.beans.factory.support.AbstractBeanFactory.lambda$doGetBean$0(AbstractBeanFactory.java:335)
	at org.springframework.beans.factory.support.DefaultSingletonBeanRegistry.getSingleton(DefaultSingletonBeanRegistry.java:234)
	at org.springframework.beans.factory.support.AbstractBeanFactory.doGetBean(AbstractBeanFactory.java:333)
	at org.springframework.beans.factory.support.AbstractBeanFactory.getBean(AbstractBeanFactory.java:208)
	at org.springframework.beans.factory.support.ConstructorResolver.instantiateUsingFactoryMethod(ConstructorResolver.java:410)
	at org.springframework.beans.factory.support.AbstractAutowireCapableBeanFactory.instantiateUsingFactoryMethod(AbstractAutowireCapableBeanFactory.java:1336)
	at org.springframework.beans.factory.support.AbstractAutowireCapableBeanFactory.createBeanInstance(AbstractAutowireCapableBeanFactory.java:1179)
	at org.springframework.beans.factory.support.AbstractAutowireCapableBeanFactory.doCreateBean(AbstractAutowireCapableBeanFactory.java:571)
	at org.springframework.beans.factory.support.AbstractAutowireCapableBeanFactory.createBean(AbstractAutowireCapableBeanFactory.java:531)
	at org.springframework.beans.factory.support.AbstractBeanFactory.lambda$doGetBean$0(AbstractBeanFactory.java:335)
	at org.springframework.beans.factory.support.DefaultSingletonBeanRegistry.getSingleton(DefaultSingletonBeanRegistry.java:234)
	at org.springframework.beans.factory.support.AbstractBeanFactory.doGetBean(AbstractBeanFactory.java:333)
	at org.springframework.beans.factory.support.AbstractBeanFactory.getBean(AbstractBeanFactory.java:208)
	at org.springframework.context.support.AbstractApplicationContext.getBean(AbstractApplicationContext.java:1159)
	at org.springframework.context.support.AbstractApplicationContext.finishBeanFactoryInitialization(AbstractApplicationContext.java:913)
	at org.springframework.context.support.AbstractApplicationContext.refresh(AbstractApplicationContext.java:588)
	at org.springframework.boot.web.servlet.context.ServletWebServerApplicationContext.refresh(ServletWebServerApplicationContext.java:144)
	at org.springframework.boot.SpringApplication.refresh(SpringApplication.java:767)
	at org.springframework.boot.SpringApplication.refresh(SpringApplication.java:759)
	at org.springframework.boot.SpringApplication.refreshContext(SpringApplication.java:426)
	at org.springframework.boot.SpringApplication.run(SpringApplication.java:326)
	at org.springframework.boot.SpringApplication.run(SpringApplication.java:1309)
	at org.springframework.boot.SpringApplication.run(SpringApplication.java:1298)
	at com.cg.ora.OnRoadVehicleBreakdownAssistanceApplication.main(OnRoadVehicleBreakdownAssistanceApplication.java:10)
Caused by: org.springframework.beans.factory.BeanCreationException: Error creating bean with name 'dataSource' defined in class path resource [org/springframework/boot/autoconfigure/jdbc/DataSourceConfiguration$Hikari.class]: Bean instantiation via factory method failed; nested exception is org.springframework.beans.BeanInstantiationException: Failed to instantiate [com.zaxxer.hikari.HikariDataSource]: Factory method 'dataSource' threw exception; nested exception is java.lang.IllegalStateException: Cannot load driver class: com.mysql.cj.jdbc.driver
	at org.springframework.beans.factory.support.ConstructorResolver.instantiate(ConstructorResolver.java:658)
	at org.springframework.beans.factory.support.ConstructorResolver.instantiateUsingFactoryMethod(ConstructorResolver.java:638)
	at org.springframework.beans.factory.support.AbstractAutowireCapableBeanFactory.instantiateUsingFactoryMethod(AbstractAutowireCapableBeanFactory.java:1336)
	at org.springframework.beans.factory.support.AbstractAutowireCapableBeanFactory.createBeanInstance(AbstractAutowireCapableBeanFactory.java:1179)
	at org.springframework.beans.factory.support.AbstractAutowireCapableBeanFactory.doCreateBean(AbstractAutowireCapableBeanFactory.java:571)
	at org.springframework.beans.factory.support.AbstractAutowireCapableBeanFactory.createBean(AbstractAutowireCapableBeanFactory.java:531)
	at org.springframework.beans.factory.support.AbstractBeanFactory.lambda$doGetBean$0(AbstractBeanFactory.java:335)
	at org.springframework.beans.factory.support.DefaultSingletonBeanRegistry.getSingleton(DefaultSingletonBeanRegistry.java:234)
	at org.springframework.beans.factory.support.AbstractBeanFactory.doGetBean(AbstractBeanFactory.java:333)
	at org.springframework.beans.factory.support.AbstractBeanFactory.getBean(AbstractBeanFactory.java:208)
	at org.springframework.beans.factory.config.DependencyDescriptor.resolveCandidate(DependencyDescriptor.java:276)
	at org.springframework.beans.factory.support.DefaultListableBeanFactory.doResolveDependency(DefaultListableBeanFactory.java:1367)
	at org.springframework.beans.factory.support.DefaultListableBeanFactory.resolveDependency(DefaultListableBeanFactory.java:1287)
	at org.springframework.beans.factory.support.ConstructorResolver.resolveAutowiredArgument(ConstructorResolver.java:887)
	at org.springframework.beans.factory.support.ConstructorResolver.createArgumentArray(ConstructorResolver.java:791)
	... 29 common frames omitted
Caused by: org.springframework.beans.BeanInstantiationException: Failed to instantiate [com.zaxxer.hikari.HikariDataSource]: Factory method 'dataSource' threw exception; nested exception is java.lang.IllegalStateException: Cannot load driver class: com.mysql.cj.jdbc.driver
	at org.springframework.beans.factory.support.SimpleInstantiationStrategy.instantiate(SimpleInstantiationStrategy.java:185)
	at org.springframework.beans.factory.support.ConstructorResolver.instantiate(ConstructorResolver.java:653)
	... 43 common frames omitted
Caused by: java.lang.IllegalStateException: Cannot load driver class: com.mysql.cj.jdbc.driver
	at org.springframework.util.Assert.state(Assert.java:97)
	at org.springframework.boot.autoconfigure.jdbc.DataSourceProperties.determineDriverClassName(DataSourceProperties.java:224)
	at org.springframework.boot.autoconfigure.jdbc.DataSourceProperties.initializeDataSourceBuilder(DataSourceProperties.java:176)
	at org.springframework.boot.autoconfigure.jdbc.DataSourceConfiguration.createDataSource(DataSourceConfiguration.java:48)
	at org.springframework.boot.autoconfigure.jdbc.DataSourceConfiguration$Hikari.dataSource(DataSourceConfiguration.java:90)
	at java.base/jdk.internal.reflect.NativeMethodAccessorImpl.invoke0(Native Method)
	at java.base/jdk.internal.reflect.NativeMethodAccessorImpl.invoke(NativeMethodAccessorImpl.java:77)
	at java.base/jdk.internal.reflect.DelegatingMethodAccessorImpl.invoke(DelegatingMethodAccessorImpl.java:43)
	at java.base/java.lang.reflect.Method.invoke(Method.java:568)
	at org.springframework.beans.factory.support.SimpleInstantiationStrategy.instantiate(SimpleInstantiationStrategy.java:154)
	... 44 common frames omitted
2024-01-10 11:42:24 INFO  c.c.o.OnRoadVehicleBreakdownAssistanceApplication:55 - Starting OnRoadVehicleBreakdownAssistanceApplication using Java 17.0.7 on DESKTOP-O1OPJKU with PID 5320 (C:\Users\Lenovo\Documents\workspace-spring-tool-suite-4-4.19.0.RELEASE\OnRoadVehicleBreakdownAssistance\target\classes started by Lenovo in C:\Users\Lenovo\Documents\workspace-spring-tool-suite-4-4.19.0.RELEASE\OnRoadVehicleBreakdownAssistance)
2024-01-10 11:42:24 DEBUG c.c.o.OnRoadVehicleBreakdownAssistanceApplication:56 - Running with Spring Boot v2.4.1, Spring v5.3.2
2024-01-10 11:42:24 INFO  c.c.o.OnRoadVehicleBreakdownAssistanceApplication:660 - No active profile set, falling back to default profiles: default
2024-01-10 11:42:26 INFO  o.s.d.r.c.RepositoryConfigurationDelegate:128 - Bootstrapping Spring Data JPA repositories in DEFAULT mode.
2024-01-10 11:42:26 INFO  o.s.d.r.c.RepositoryConfigurationDelegate:188 - Finished Spring Data repository scanning in 146 ms. Found 4 JPA repository interfaces.
2024-01-10 11:42:27 INFO  o.s.c.s.PostProcessorRegistrationDelegate$BeanPostProcessorChecker:350 - Bean 'org.springframework.hateoas.config.HateoasConfiguration' of type [org.springframework.hateoas.config.HateoasConfiguration] is not eligible for getting processed by all BeanPostProcessors (for example: not eligible for auto-proxying)
2024-01-10 11:42:27 INFO  o.s.c.s.PostProcessorRegistrationDelegate$BeanPostProcessorChecker:350 - Bean 'relProviderPluginRegistry' of type [org.springframework.plugin.core.support.PluginRegistryFactoryBean] is not eligible for getting processed by all BeanPostProcessors (for example: not eligible for auto-proxying)
2024-01-10 11:42:27 INFO  o.s.c.s.PostProcessorRegistrationDelegate$BeanPostProcessorChecker:350 - Bean 'relProviderPluginRegistry' of type [org.springframework.plugin.core.OrderAwarePluginRegistry] is not eligible for getting processed by all BeanPostProcessors (for example: not eligible for auto-proxying)
2024-01-10 11:42:27 INFO  o.s.c.s.PostProcessorRegistrationDelegate$BeanPostProcessorChecker:350 - Bean '_relProvider' of type [org.springframework.hateoas.server.core.DelegatingLinkRelationProvider] is not eligible for getting processed by all BeanPostProcessors (for example: not eligible for auto-proxying)
2024-01-10 11:42:27 INFO  o.s.c.s.PostProcessorRegistrationDelegate$BeanPostProcessorChecker:350 - Bean 'messageResolver' of type [org.springframework.hateoas.mediatype.MessageSourceResolver] is not eligible for getting processed by all BeanPostProcessors (for example: not eligible for auto-proxying)
2024-01-10 11:42:27 INFO  o.s.c.s.PostProcessorRegistrationDelegate$BeanPostProcessorChecker:350 - Bean 'org.springframework.data.web.config.SpringDataJacksonConfiguration' of type [org.springframework.data.web.config.SpringDataJacksonConfiguration] is not eligible for getting processed by all BeanPostProcessors (for example: not eligible for auto-proxying)
2024-01-10 11:42:27 INFO  o.s.c.s.PostProcessorRegistrationDelegate$BeanPostProcessorChecker:350 - Bean 'jacksonGeoModule' of type [org.springframework.data.geo.GeoModule] is not eligible for getting processed by all BeanPostProcessors (for example: not eligible for auto-proxying)
2024-01-10 11:42:27 INFO  o.s.c.s.PostProcessorRegistrationDelegate$BeanPostProcessorChecker:350 - Bean 'org.springframework.boot.autoconfigure.data.rest.RepositoryRestMvcAutoConfiguration' of type [org.springframework.boot.autoconfigure.data.rest.RepositoryRestMvcAutoConfiguration] is not eligible for getting processed by all BeanPostProcessors (for example: not eligible for auto-proxying)
2024-01-10 11:42:27 INFO  o.s.c.s.PostProcessorRegistrationDelegate$BeanPostProcessorChecker:350 - Bean 'org.springframework.boot.autoconfigure.jackson.JacksonAutoConfiguration$JacksonObjectMapperBuilderConfiguration' of type [org.springframework.boot.autoconfigure.jackson.JacksonAutoConfiguration$JacksonObjectMapperBuilderConfiguration] is not eligible for getting processed by all BeanPostProcessors (for example: not eligible for auto-proxying)
2024-01-10 11:42:27 INFO  o.s.c.s.PostProcessorRegistrationDelegate$BeanPostProcessorChecker:350 - Bean 'org.springframework.boot.autoconfigure.jackson.JacksonAutoConfiguration$Jackson2ObjectMapperBuilderCustomizerConfiguration' of type [org.springframework.boot.autoconfigure.jackson.JacksonAutoConfiguration$Jackson2ObjectMapperBuilderCustomizerConfiguration] is not eligible for getting processed by all BeanPostProcessors (for example: not eligible for auto-proxying)
2024-01-10 11:42:27 INFO  o.s.c.s.PostProcessorRegistrationDelegate$BeanPostProcessorChecker:350 - Bean 'spring.jackson-org.springframework.boot.autoconfigure.jackson.JacksonProperties' of type [org.springframework.boot.autoconfigure.jackson.JacksonProperties] is not eligible for getting processed by all BeanPostProcessors (for example: not eligible for auto-proxying)
2024-01-10 11:42:27 INFO  o.s.c.s.PostProcessorRegistrationDelegate$BeanPostProcessorChecker:350 - Bean 'standardJacksonObjectMapperBuilderCustomizer' of type [org.springframework.boot.autoconfigure.jackson.JacksonAutoConfiguration$Jackson2ObjectMapperBuilderCustomizerConfiguration$StandardJackson2ObjectMapperBuilderCustomizer] is not eligible for getting processed by all BeanPostProcessors (for example: not eligible for auto-proxying)
2024-01-10 11:42:27 INFO  o.s.c.s.PostProcessorRegistrationDelegate$BeanPostProcessorChecker:350 - Bean 'org.springframework.boot.autoconfigure.jackson.JacksonAutoConfiguration$ParameterNamesModuleConfiguration' of type [org.springframework.boot.autoconfigure.jackson.JacksonAutoConfiguration$ParameterNamesModuleConfiguration] is not eligible for getting processed by all BeanPostProcessors (for example: not eligible for auto-proxying)
2024-01-10 11:42:27 INFO  o.s.c.s.PostProcessorRegistrationDelegate$BeanPostProcessorChecker:350 - Bean 'parameterNamesModule' of type [com.fasterxml.jackson.module.paramnames.ParameterNamesModule] is not eligible for getting processed by all BeanPostProcessors (for example: not eligible for auto-proxying)
2024-01-10 11:42:27 INFO  o.s.c.s.PostProcessorRegistrationDelegate$BeanPostProcessorChecker:350 - Bean 'org.springframework.boot.autoconfigure.jackson.JacksonAutoConfiguration' of type [org.springframework.boot.autoconfigure.jackson.JacksonAutoConfiguration] is not eligible for getting processed by all BeanPostProcessors (for example: not eligible for auto-proxying)
2024-01-10 11:42:27 INFO  o.s.c.s.PostProcessorRegistrationDelegate$BeanPostProcessorChecker:350 - Bean 'jsonComponentModule' of type [org.springframework.boot.jackson.JsonComponentModule] is not eligible for getting processed by all BeanPostProcessors (for example: not eligible for auto-proxying)
2024-01-10 11:42:27 INFO  o.s.c.s.PostProcessorRegistrationDelegate$BeanPostProcessorChecker:350 - Bean 'jacksonObjectMapperBuilder' of type [org.springframework.http.converter.json.Jackson2ObjectMapperBuilder] is not eligible for getting processed by all BeanPostProcessors (for example: not eligible for auto-proxying)
2024-01-10 11:42:27 INFO  o.s.c.s.PostProcessorRegistrationDelegate$BeanPostProcessorChecker:350 - Bean 'spring.data.rest-org.springframework.boot.autoconfigure.data.rest.RepositoryRestProperties' of type [org.springframework.boot.autoconfigure.data.rest.RepositoryRestProperties] is not eligible for getting processed by all BeanPostProcessors (for example: not eligible for auto-proxying)
2024-01-10 11:42:27 INFO  o.s.c.s.PostProcessorRegistrationDelegate$BeanPostProcessorChecker:350 - Bean 'springBootRepositoryRestConfigurer' of type [org.springframework.boot.autoconfigure.data.rest.SpringBootRepositoryRestConfigurer] is not eligible for getting processed by all BeanPostProcessors (for example: not eligible for auto-proxying)
2024-01-10 11:42:27 INFO  o.s.c.s.PostProcessorRegistrationDelegate$BeanPostProcessorChecker:350 - Bean 'configurerDelegate' of type [org.springframework.data.rest.webmvc.config.RepositoryRestConfigurerDelegate] is not eligible for getting processed by all BeanPostProcessors (for example: not eligible for auto-proxying)
2024-01-10 11:42:27 INFO  o.s.c.s.PostProcessorRegistrationDelegate$BeanPostProcessorChecker:350 - Bean 'org.springframework.boot.autoconfigure.http.HttpMessageConvertersAutoConfiguration$StringHttpMessageConverterConfiguration' of type [org.springframework.boot.autoconfigure.http.HttpMessageConvertersAutoConfiguration$StringHttpMessageConverterConfiguration] is not eligible for getting processed by all BeanPostProcessors (for example: not eligible for auto-proxying)
2024-01-10 11:42:27 INFO  o.s.c.s.PostProcessorRegistrationDelegate$BeanPostProcessorChecker:350 - Bean 'stringHttpMessageConverter' of type [org.springframework.http.converter.StringHttpMessageConverter] is not eligible for getting processed by all BeanPostProcessors (for example: not eligible for auto-proxying)
2024-01-10 11:42:27 INFO  o.s.c.s.PostProcessorRegistrationDelegate$BeanPostProcessorChecker:350 - Bean 'org.springframework.boot.autoconfigure.http.JacksonHttpMessageConvertersConfiguration$MappingJackson2HttpMessageConverterConfiguration' of type [org.springframework.boot.autoconfigure.http.JacksonHttpMessageConvertersConfiguration$MappingJackson2HttpMessageConverterConfiguration] is not eligible for getting processed by all BeanPostProcessors (for example: not eligible for auto-proxying)
2024-01-10 11:42:27 INFO  o.s.c.s.PostProcessorRegistrationDelegate$BeanPostProcessorChecker:350 - Bean 'org.springframework.boot.autoconfigure.jackson.JacksonAutoConfiguration$JacksonObjectMapperConfiguration' of type [org.springframework.boot.autoconfigure.jackson.JacksonAutoConfiguration$JacksonObjectMapperConfiguration] is not eligible for getting processed by all BeanPostProcessors (for example: not eligible for auto-proxying)
2024-01-10 11:42:27 INFO  o.s.c.s.PostProcessorRegistrationDelegate$BeanPostProcessorChecker:350 - Bean 'jacksonObjectMapperBuilder' of type [org.springframework.http.converter.json.Jackson2ObjectMapperBuilder] is not eligible for getting processed by all BeanPostProcessors (for example: not eligible for auto-proxying)
2024-01-10 11:42:27 INFO  o.s.c.s.PostProcessorRegistrationDelegate$BeanPostProcessorChecker:350 - Bean 'jacksonObjectMapper' of type [com.fasterxml.jackson.databind.ObjectMapper] is not eligible for getting processed by all BeanPostProcessors (for example: not eligible for auto-proxying)
2024-01-10 11:42:27 INFO  o.s.c.s.PostProcessorRegistrationDelegate$BeanPostProcessorChecker:350 - Bean 'mappingJackson2HttpMessageConverter' of type [org.springframework.http.converter.json.MappingJackson2HttpMessageConverter] is not eligible for getting processed by all BeanPostProcessors (for example: not eligible for auto-proxying)
2024-01-10 11:42:27 INFO  o.s.c.s.PostProcessorRegistrationDelegate$BeanPostProcessorChecker:350 - Bean 'org.springframework.data.rest.webmvc.config.RepositoryRestMvcConfiguration' of type [org.springframework.data.rest.webmvc.config.RepositoryRestMvcConfiguration] is not eligible for getting processed by all BeanPostProcessors (for example: not eligible for auto-proxying)
2024-01-10 11:42:28 INFO  o.s.b.w.e.t.TomcatWebServer:108 - Tomcat initialized with port(s): 8081 (http)
2024-01-10 11:42:28 INFO  o.a.c.c.StandardService:173 - Starting service [Tomcat]
2024-01-10 11:42:28 INFO  o.a.c.c.StandardEngine:173 - Starting Servlet engine: [Apache Tomcat/9.0.41]
2024-01-10 11:42:28 INFO  o.a.c.c.C.[.[.[/]:173 - Initializing Spring embedded WebApplicationContext
2024-01-10 11:42:28 INFO  o.s.b.w.s.c.ServletWebServerApplicationContext:289 - Root WebApplicationContext: initialization completed in 3791 ms
2024-01-10 11:42:29 INFO  o.h.j.i.u.LogHelper:31 - HHH000204: Processing PersistenceUnitInfo [name: default]
2024-01-10 11:42:29 INFO  o.h.Version:44 - HHH000412: Hibernate ORM core version 5.4.25.Final
2024-01-10 11:42:29 INFO  o.h.a.c.Version:56 - HCANN000001: Hibernate Commons Annotations {5.1.2.Final}
2024-01-10 11:42:29 INFO  c.z.h.HikariDataSource:110 - HikariPool-1 - Starting...
2024-01-10 11:42:30 INFO  c.z.h.HikariDataSource:123 - HikariPool-1 - Start completed.
2024-01-10 11:42:30 INFO  o.h.d.Dialect:175 - HHH000400: Using dialect: org.hibernate.dialect.MySQL8Dialect
2024-01-10 11:42:33 INFO  o.h.e.t.j.p.i.JtaPlatformInitiator:52 - HHH000490: Using JtaPlatform implementation: [org.hibernate.engine.transaction.jta.platform.internal.NoJtaPlatform]
2024-01-10 11:42:33 INFO  o.s.o.j.LocalContainerEntityManagerFactoryBean:437 - Initialized JPA EntityManagerFactory for persistence unit 'default'
2024-01-10 11:42:35 WARN  o.s.b.a.o.j.JpaBaseConfiguration$JpaWebConfiguration:221 - spring.jpa.open-in-view is enabled by default. Therefore, database queries may be performed during view rendering. Explicitly configure spring.jpa.open-in-view to disable this warning
2024-01-10 11:42:35 INFO  o.s.s.c.ThreadPoolTaskExecutor:181 - Initializing ExecutorService 'applicationTaskExecutor'
2024-01-10 11:42:37 INFO  o.s.b.w.e.t.TomcatWebServer:220 - Tomcat started on port(s): 8081 (http) with context path ''
2024-01-10 11:42:37 INFO  c.c.o.OnRoadVehicleBreakdownAssistanceApplication:61 - Started OnRoadVehicleBreakdownAssistanceApplication in 13.598 seconds (JVM running for 15.526)
2024-01-10 11:43:39 INFO  o.s.b.a.SpringApplicationAdminMXBeanRegistrar$SpringApplicationAdmin:159 - Application shutdown requested.
2024-01-10 11:43:39 INFO  o.s.s.c.ThreadPoolTaskExecutor:218 - Shutting down ExecutorService 'applicationTaskExecutor'
2024-01-10 11:43:39 INFO  o.s.o.j.LocalContainerEntityManagerFactoryBean:651 - Closing JPA EntityManagerFactory for persistence unit 'default'
2024-01-10 11:43:39 INFO  c.z.h.HikariDataSource:350 - HikariPool-1 - Shutdown initiated...
2024-01-10 11:43:39 INFO  c.z.h.HikariDataSource:352 - HikariPool-1 - Shutdown completed.
